<?xml version="1.0" encoding="UTF-8"?>
<testsuite name="com.example.sourav.tourguide.ExampleUnitTest" tests="1" skipped="0" failures="0" errors="0" timestamp="2018-10-03T13:44:46" hostname="sourav-GA-78LMT-S2" time="0.001">
  <properties/>
  <testcase name="addition_isCorrect" classname="com.example.sourav.tourguide.ExampleUnitTest" time="0.001"/>
  <system-out><![CDATA[]]></system-out>
  <system-err><![CDATA[]]></system-err>
</testsuite>
